Added Component: Designator=C1(CN-SMD-0603)
Add component (AddParameter): Name = "Value"; Value = "33pF"; VariantName = "[No Variations]"
Added Component: Designator=C2(CN-SMD-0603)
Add component (AddParameter): Name = "Value"; Value = "33pF"; VariantName = "[No Variations]"
Added Component: Designator=D1(DIO-SMD-123)
Add component (AddParameter): Name = "Code - JEDEC"; Value = "DO-214-AB"; VariantName = "[No Variations]"
Add component (AddParameter): Name = "Published"; Value = "8-Jun-2000"; VariantName = "[No Variations]"
Add component (AddParameter): Name = "Publisher"; Value = "Altium Limited"; VariantName = "[No Variations]"
Add component (AddParameter): Name = "Revision"; Value = "July-2002: Re-released for DXP Platform."; VariantName = "[No Variations]"
Add component (AddParameter): Name = "Value"; Value = "1N5007"; VariantName = "[No Variations]"
Added Component: Designator=D2(DIO-SMD-123)
Add component (AddParameter): Name = "Code - JEDEC"; Value = "DO-214-AB"; VariantName = "[No Variations]"
Add component (AddParameter): Name = "Published"; Value = "8-Jun-2000"; VariantName = "[No Variations]"
Add component (AddParameter): Name = "Publisher"; Value = "Altium Limited"; VariantName = "[No Variations]"
Add component (AddParameter): Name = "Revision"; Value = "July-2002: Re-released for DXP Platform."; VariantName = "[No Variations]"
Add component (AddParameter): Name = "Value"; Value = "1N5007"; VariantName = "[No Variations]"
Added Component: Designator=D3(DIO-SMD-123)
Add component (AddParameter): Name = "Code - JEDEC"; Value = "DO-214-AB"; VariantName = "[No Variations]"
Add component (AddParameter): Name = "Published"; Value = "8-Jun-2000"; VariantName = "[No Variations]"
Add component (AddParameter): Name = "Publisher"; Value = "Altium Limited"; VariantName = "[No Variations]"
Add component (AddParameter): Name = "Revision"; Value = "July-2002: Re-released for DXP Platform."; VariantName = "[No Variations]"
Add component (AddParameter): Name = "Value"; Value = "1N5007"; VariantName = "[No Variations]"
Added Component: Designator=D4(DIO-SMD-123)
Add component (AddParameter): Name = "Code - JEDEC"; Value = "DO-214-AB"; VariantName = "[No Variations]"
Add component (AddParameter): Name = "Published"; Value = "8-Jun-2000"; VariantName = "[No Variations]"
Add component (AddParameter): Name = "Publisher"; Value = "Altium Limited"; VariantName = "[No Variations]"
Add component (AddParameter): Name = "Revision"; Value = "July-2002: Re-released for DXP Platform."; VariantName = "[No Variations]"
Add component (AddParameter): Name = "Value"; Value = "1N5007"; VariantName = "[No Variations]"
Added Component: Designator=D5(DIO-SMD-123)
Add component (AddParameter): Name = "Code - JEDEC"; Value = "DO-214-AB"; VariantName = "[No Variations]"
Add component (AddParameter): Name = "Published"; Value = "8-Jun-2000"; VariantName = "[No Variations]"
Add component (AddParameter): Name = "Publisher"; Value = "Altium Limited"; VariantName = "[No Variations]"
Add component (AddParameter): Name = "Revision"; Value = "July-2002: Re-released for DXP Platform."; VariantName = "[No Variations]"
Add component (AddParameter): Name = "Value"; Value = "1N5007"; VariantName = "[No Variations]"
Added Component: Designator=D6(DIO-SMD-123)
Add component (AddParameter): Name = "Code - JEDEC"; Value = "DO-214-AB"; VariantName = "[No Variations]"
Add component (AddParameter): Name = "Published"; Value = "8-Jun-2000"; VariantName = "[No Variations]"
Add component (AddParameter): Name = "Publisher"; Value = "Altium Limited"; VariantName = "[No Variations]"
Add component (AddParameter): Name = "Revision"; Value = "July-2002: Re-released for DXP Platform."; VariantName = "[No Variations]"
Add component (AddParameter): Name = "Value"; Value = "1N5007"; VariantName = "[No Variations]"
Added Component: Designator=D7(DIO-SMD-123)
Add component (AddParameter): Name = "Code - JEDEC"; Value = "DO-214-AB"; VariantName = "[No Variations]"
Add component (AddParameter): Name = "Published"; Value = "8-Jun-2000"; VariantName = "[No Variations]"
Add component (AddParameter): Name = "Publisher"; Value = "Altium Limited"; VariantName = "[No Variations]"
Add component (AddParameter): Name = "Revision"; Value = "July-2002: Re-released for DXP Platform."; VariantName = "[No Variations]"
Add component (AddParameter): Name = "Value"; Value = "1N5007"; VariantName = "[No Variations]"
Added Component: Designator=D8(DIO-SMD-123)
Add component (AddParameter): Name = "Code - JEDEC"; Value = "DO-214-AB"; VariantName = "[No Variations]"
Add component (AddParameter): Name = "Published"; Value = "8-Jun-2000"; VariantName = "[No Variations]"
Add component (AddParameter): Name = "Publisher"; Value = "Altium Limited"; VariantName = "[No Variations]"
Add component (AddParameter): Name = "Revision"; Value = "July-2002: Re-released for DXP Platform."; VariantName = "[No Variations]"
Add component (AddParameter): Name = "Value"; Value = "1N5007"; VariantName = "[No Variations]"
Added Component: Designator=J1(0532610871)
Added Component: Designator=LD1(LASER_SOCKET)
Added Component: Designator=LD2(LASER_SOCKET)
Added Component: Designator=LD3(LASER_SOCKET)
Added Component: Designator=LD4(LASER_SOCKET)
Added Component: Designator=LD5(LASER_SOCKET)
Added Component: Designator=LD6(LASER_SOCKET)
Added Component: Designator=LD7(LASER_SOCKET)
Added Component: Designator=LD8(LASER_SOCKET)
Added Component: Designator=R1(RES-SMD-0603)
Add component (AddParameter): Name = "Class"; Value = "Passive"; VariantName = "[No Variations]"
Add component (AddParameter): Name = "Manufacturer"; Value = "Generic Components"; VariantName = "[No Variations]"
Add component (AddParameter): Name = "Published"; Value = "08/06/2000"; VariantName = "[No Variations]"
Add component (AddParameter): Name = "Publisher"; Value = "Altium Hobart Technology Centre"; VariantName = "[No Variations]"
Added Component: Designator=R2(RES-SMD-0101)
Add component (AddParameter): Name = "Class"; Value = "Passive"; VariantName = "[No Variations]"
Add component (AddParameter): Name = "Manufacturer"; Value = "Generic Components"; VariantName = "[No Variations]"
Add component (AddParameter): Name = "Published"; Value = "08/06/2000"; VariantName = "[No Variations]"
Add component (AddParameter): Name = "Publisher"; Value = "Altium Hobart Technology Centre"; VariantName = "[No Variations]"
Added Component: Designator=R3(RES-SMD-0101)
Add component (AddParameter): Name = "Class"; Value = "Passive"; VariantName = "[No Variations]"
Add component (AddParameter): Name = "Manufacturer"; Value = "Generic Components"; VariantName = "[No Variations]"
Add component (AddParameter): Name = "Published"; Value = "08/06/2000"; VariantName = "[No Variations]"
Add component (AddParameter): Name = "Publisher"; Value = "Altium Hobart Technology Centre"; VariantName = "[No Variations]"
Added Component: Designator=R4(RES-SMD-0101)
Add component (AddParameter): Name = "Class"; Value = "Passive"; VariantName = "[No Variations]"
Add component (AddParameter): Name = "Manufacturer"; Value = "Generic Components"; VariantName = "[No Variations]"
Add component (AddParameter): Name = "Published"; Value = "08/06/2000"; VariantName = "[No Variations]"
Add component (AddParameter): Name = "Publisher"; Value = "Altium Hobart Technology Centre"; VariantName = "[No Variations]"
Added Component: Designator=R5(RES-SMD-0603)
Add component (AddParameter): Name = "Class"; Value = "Passive"; VariantName = "[No Variations]"
Add component (AddParameter): Name = "Manufacturer"; Value = "Generic Components"; VariantName = "[No Variations]"
Add component (AddParameter): Name = "Published"; Value = "08/06/2000"; VariantName = "[No Variations]"
Add component (AddParameter): Name = "Publisher"; Value = "Altium Hobart Technology Centre"; VariantName = "[No Variations]"
Added Component: Designator=R6(RES-SMD-0101)
Add component (AddParameter): Name = "Class"; Value = "Passive"; VariantName = "[No Variations]"
Add component (AddParameter): Name = "Manufacturer"; Value = "Generic Components"; VariantName = "[No Variations]"
Add component (AddParameter): Name = "Published"; Value = "08/06/2000"; VariantName = "[No Variations]"
Add component (AddParameter): Name = "Publisher"; Value = "Altium Hobart Technology Centre"; VariantName = "[No Variations]"
Added Component: Designator=TP1(TESTPOINT)
Added Component: Designator=TP2(TESTPOINT)
Added Component: Designator=TP3(TESTPOINT)
Added Component: Designator=TP4(TESTPOINT)
Added Component: Designator=TP5(TESTPOINT)
Added Component: Designator=TP6(TESTPOINT)
Added Component: Designator=TVS1(SOT23-123)
Added Component: Designator=TVS2(SOT23-123)
Added Component: Designator=TVS3(SOT23-123)
Added Component: Designator=TVS4(SOT23-123)
Added Component: Designator=U1(ADG1414BCPZ)
Added Pin To Net: NetName=+3.3 Pin=J1-4
Added Pin To Net: NetName=+3.3 Pin=R1-1
Added Pin To Net: NetName=+3.3 Pin=R5-1
Added Pin To Net: NetName=+3.3 Pin=TVS3-1
Added Pin To Net: NetName=+3.3 Pin=TVS3-3
Added Net: Name=+3.3
Added Pin To Net: NetName=12V_EXP Pin=C1-2
Added Pin To Net: NetName=12V_EXP Pin=J1-1
Added Pin To Net: NetName=12V_EXP Pin=TVS4-1
Added Pin To Net: NetName=12V_EXP Pin=TVS4-3
Added Pin To Net: NetName=12V_EXP Pin=U1-3
Added Pin To Net: NetName=12V_EXP Pin=U1-5
Added Pin To Net: NetName=12V_EXP Pin=U1-7
Added Pin To Net: NetName=12V_EXP Pin=U1-9
Added Pin To Net: NetName=12V_EXP Pin=U1-10
Added Pin To Net: NetName=12V_EXP Pin=U1-12
Added Pin To Net: NetName=12V_EXP Pin=U1-14
Added Pin To Net: NetName=12V_EXP Pin=U1-16
Added Pin To Net: NetName=12V_EXP Pin=U1-23
Added Net: Name=12V_EXP
Added Pin To Net: NetName=GND Pin=C2-1
Added Pin To Net: NetName=GND Pin=J1-2
Added Pin To Net: NetName=GND Pin=J1-S1
Added Pin To Net: NetName=GND Pin=J1-S2
Added Pin To Net: NetName=GND Pin=TVS1-2
Added Pin To Net: NetName=GND Pin=TVS2-2
Added Pin To Net: NetName=GND Pin=TVS3-2
Added Pin To Net: NetName=GND Pin=TVS4-2
Added Pin To Net: NetName=GND Pin=U1-1
Added Pin To Net: NetName=GND Pin=U1-18
Added Pin To Net: NetName=GND Pin=U1-HTAB
Added Net: Name=GND
Added Pin To Net: NetName=I_LD_EXT Pin=D1-1
Added Pin To Net: NetName=I_LD_EXT Pin=D2-1
Added Pin To Net: NetName=I_LD_EXT Pin=D3-1
Added Pin To Net: NetName=I_LD_EXT Pin=D4-1
Added Pin To Net: NetName=I_LD_EXT Pin=D5-1
Added Pin To Net: NetName=I_LD_EXT Pin=D6-1
Added Pin To Net: NetName=I_LD_EXT Pin=D7-1
Added Pin To Net: NetName=I_LD_EXT Pin=D8-1
Added Pin To Net: NetName=I_LD_EXT Pin=J1-3
Added Pin To Net: NetName=I_LD_EXT Pin=LD1-3
Added Pin To Net: NetName=I_LD_EXT Pin=LD2-3
Added Pin To Net: NetName=I_LD_EXT Pin=LD3-3
Added Pin To Net: NetName=I_LD_EXT Pin=LD4-3
Added Pin To Net: NetName=I_LD_EXT Pin=LD5-3
Added Pin To Net: NetName=I_LD_EXT Pin=LD6-3
Added Pin To Net: NetName=I_LD_EXT Pin=LD7-3
Added Pin To Net: NetName=I_LD_EXT Pin=LD8-3
Added Pin To Net: NetName=I_LD_EXT Pin=TP1-1
Added Net: Name=I_LD_EXT
Added Pin To Net: NetName=MISO_LD Pin=J1-7
Added Pin To Net: NetName=MISO_LD Pin=R1-2
Added Pin To Net: NetName=MISO_LD Pin=R6-1
Added Pin To Net: NetName=MISO_LD Pin=TP6-1
Added Pin To Net: NetName=MISO_LD Pin=TVS1-1
Added Net: Name=MISO_LD
Added Pin To Net: NetName=MOSI_LD Pin=J1-6
Added Pin To Net: NetName=MOSI_LD Pin=R2-1
Added Pin To Net: NetName=MOSI_LD Pin=TP3-1
Added Pin To Net: NetName=MOSI_LD Pin=TVS2-3
Added Net: Name=MOSI_LD
Added Pin To Net: NetName=NetC1_1 Pin=C1-1
Added Pin To Net: NetName=NetC1_1 Pin=C2-2
Added Net: Name=NetC1_1
Added Pin To Net: NetName=NetD1_2 Pin=D1-2
Added Pin To Net: NetName=NetD1_2 Pin=LD1-1
Added Pin To Net: NetName=NetD1_2 Pin=TP2-1
Added Pin To Net: NetName=NetD1_2 Pin=U1-2
Added Net: Name=NetD1_2
Added Pin To Net: NetName=NetD2_2 Pin=D2-2
Added Pin To Net: NetName=NetD2_2 Pin=LD2-1
Added Pin To Net: NetName=NetD2_2 Pin=U1-4
Added Net: Name=NetD2_2
Added Pin To Net: NetName=NetD3_2 Pin=D3-2
Added Pin To Net: NetName=NetD3_2 Pin=LD3-1
Added Pin To Net: NetName=NetD3_2 Pin=U1-6
Added Net: Name=NetD3_2
Added Pin To Net: NetName=NetD4_2 Pin=D4-2
Added Pin To Net: NetName=NetD4_2 Pin=LD4-1
Added Pin To Net: NetName=NetD4_2 Pin=U1-17
Added Net: Name=NetD4_2
Added Pin To Net: NetName=NetD5_2 Pin=D5-2
Added Pin To Net: NetName=NetD5_2 Pin=LD5-1
Added Pin To Net: NetName=NetD5_2 Pin=U1-8
Added Net: Name=NetD5_2
Added Pin To Net: NetName=NetD6_2 Pin=D6-2
Added Pin To Net: NetName=NetD6_2 Pin=LD6-1
Added Pin To Net: NetName=NetD6_2 Pin=U1-15
Added Net: Name=NetD6_2
Added Pin To Net: NetName=NetD7_2 Pin=D7-2
Added Pin To Net: NetName=NetD7_2 Pin=LD7-1
Added Pin To Net: NetName=NetD7_2 Pin=U1-11
Added Net: Name=NetD7_2
Added Pin To Net: NetName=NetD8_2 Pin=D8-2
Added Pin To Net: NetName=NetD8_2 Pin=LD8-1
Added Pin To Net: NetName=NetD8_2 Pin=U1-13
Added Net: Name=NetD8_2
Added Pin To Net: NetName=NetR2_2 Pin=R2-2
Added Pin To Net: NetName=NetR2_2 Pin=U1-24
Added Net: Name=NetR2_2
Added Pin To Net: NetName=NetR3_2 Pin=R3-2
Added Pin To Net: NetName=NetR3_2 Pin=U1-22
Added Net: Name=NetR3_2
Added Pin To Net: NetName=NetR4_2 Pin=R4-2
Added Pin To Net: NetName=NetR4_2 Pin=U1-21
Added Net: Name=NetR4_2
Added Pin To Net: NetName=NetR5_2 Pin=R5-2
Added Pin To Net: NetName=NetR5_2 Pin=U1-20
Added Net: Name=NetR5_2
Added Pin To Net: NetName=NetR6_2 Pin=R6-2
Added Pin To Net: NetName=NetR6_2 Pin=U1-19
Added Net: Name=NetR6_2
Added Pin To Net: NetName=SCK_LD Pin=J1-5
Added Pin To Net: NetName=SCK_LD Pin=R3-1
Added Pin To Net: NetName=SCK_LD Pin=TP4-1
Added Pin To Net: NetName=SCK_LD Pin=TVS2-1
Added Net: Name=SCK_LD
Added Pin To Net: NetName=SW_EXT_CS Pin=J1-8
Added Pin To Net: NetName=SW_EXT_CS Pin=R4-1
Added Pin To Net: NetName=SW_EXT_CS Pin=TP5-1
Added Pin To Net: NetName=SW_EXT_CS Pin=TVS1-3
Added Net: Name=SW_EXT_CS
Added Class: Name=EXT_LASER
Added Rule: Name=Schematic Supply Nets
Added Rule: Name=Schematic Supply Nets_1
Added Rule: Name=Schematic Supply Nets_2
Added Rule: Name=Schematic Supply Nets_3
